<?xml version="1.0" encoding="UTF-8"?>
<testng-results skipped="0" failed="0" ignored="0" total="2" passed="2">
  <reporter-output>
  </reporter-output>
  <suite name="Suite" duration-ms="33805" started-at="2020-09-22T15:49:33 IST" finished-at="2020-09-22T15:50:07 IST">
    <groups>
    </groups>
    <test name="Test" duration-ms="33805" started-at="2020-09-22T15:49:33 IST" finished-at="2020-09-22T15:50:07 IST">
      <class name="Extent.SpecBuilder">
        <test-method status="PASS" signature="Post()[pri:1, instance:Extent.SpecBuilder@37ceb1df]" name="Post" duration-ms="18809" started-at="2020-09-22T15:49:33 IST" finished-at="2020-09-22T15:49:52 IST">
          <reporter-output>
          </reporter-output>
        </test-method> <!-- Post -->
        <test-method status="PASS" signature="update()[pri:2, instance:Extent.SpecBuilder@37ceb1df]" name="update" duration-ms="14902" started-at="2020-09-22T15:49:52 IST" finished-at="2020-09-22T15:50:07 IST">
          <reporter-output>
          </reporter-output>
        </test-method> <!-- update -->
      </class> <!-- Extent.SpecBuilder -->
    </test> <!-- Test -->
  </suite> <!-- Suite -->
</testng-results>
